2025-10-02 22:23:11 - INFO - BACKUP_START | Database: testdb | Type: postgres | Host: localhost
2025-10-02 22:23:11 - INFO - CONNECTION_TEST | Database: testdb | Host: localhost | Status: SUCCESS
2025-10-02 22:23:12 - INFO - BACKUP_SUCCESS | Database: testdb | File: backups/testdb_postgres_backup_20251002_222311.dump | Size: 6.91MB | Duration: 0.55s | Compression: 10.4x
2025-10-02 22:23:12 - INFO - BACKUP_START | Database: testdb | Type: postgres | Host: localhost
2025-10-02 22:23:12 - INFO - CONNECTION_TEST | Database: testdb | Host: localhost | Status: SUCCESS
2025-10-02 22:23:13 - INFO - BACKUP_SUCCESS | Database: testdb | File: backups/testdb_postgres_backup_20251002_222312.dump | Size: 6.91MB | Duration: 0.54s | Compression: 10.4x
2025-10-02 22:23:13 - INFO - BACKUP_START | Database: testdb | Type: postgres | Host: localhost
2025-10-02 22:23:13 - INFO - CONNECTION_TEST | Database: testdb | Host: localhost | Status: SUCCESS
2025-10-02 22:23:13 - INFO - BACKUP_SUCCESS | Database: testdb | File: backups/testdb_postgres_backup_20251002_222313.dump | Size: 6.91MB | Duration: 0.54s | Compression: 10.4x
2025-10-05 12:11:00 - INFO - BACKUP_START | Database: testdb | Type: postgres | Host: localhost
2025-10-05 12:11:00 - INFO - CONNECTION_TEST | Database: testdb | Host: localhost | Status: SUCCESS
2025-10-05 12:11:01 - INFO - BACKUP_SUCCESS | Database: testdb | File: backups/testdb_postgres_backup_20251005_121100.dump | Size: 6.91MB | Duration: 0.92s | Compression: 10.4x
2025-10-05 12:18:31 - INFO - BACKUP_START | Database: testdb | Type: postgres | Host: localhost
2025-10-05 12:18:31 - INFO - CONNECTION_TEST | Database: testdb | Host: localhost | Status: SUCCESS
2025-10-05 12:18:31 - INFO - BACKUP_SUCCESS | Database: testdb | File: backups/testdb_postgres_backup_20251005_121831.dump | Size: 6.91MB | Duration: 0.52s | Compression: 10.4x
2025-10-05 12:19:28 - INFO - BACKUP_START | Database: testdb | Type: postgres | Host: localhost
2025-10-05 12:19:28 - INFO - CONNECTION_TEST | Database: testdb | Host: localhost | Status: SUCCESS
2025-10-05 12:19:28 - INFO - BACKUP_SUCCESS | Database: testdb | File: backups/testdb_postgres_backup_20251005_121928.dump | Size: 6.91MB | Duration: 0.52s | Compression: 10.4x
2025-10-05 12:20:08 - INFO - BACKUP_START | Database: testdb | Type: postgres | Host: localhost
2025-10-05 12:20:08 - INFO - CONNECTION_TEST | Database: testdb | Host: localhost | Status: SUCCESS
2025-10-05 12:20:09 - INFO - BACKUP_SUCCESS | Database: testdb | File: backups/testdb_postgres_backup_20251005_122008.dump | Size: 6.91MB | Duration: 0.52s | Compression: 10.4x
2025-10-05 12:22:26 - INFO - BACKUP_START | Database: testdb | Type: postgres | Host: localhost
2025-10-05 12:22:26 - INFO - CONNECTION_TEST | Database: testdb | Host: localhost | Status: SUCCESS
2025-10-05 12:22:26 - INFO - BACKUP_SUCCESS | Database: testdb | File: backups/testdb_postgres_backup_20251005_122226.dump | Size: 6.91MB | Duration: 0.53s | Compression: 10.4x
2025-10-05 12:23:06 - INFO - BACKUP_START | Database: testdb | Type: postgres | Host: localhost
2025-10-05 12:23:06 - INFO - CONNECTION_TEST | Database: testdb | Host: localhost | Status: SUCCESS
2025-10-05 12:23:07 - INFO - BACKUP_SUCCESS | Database: testdb | File: backups/testdb_postgres_backup_20251005_122306.dump | Size: 6.91MB | Duration: 0.53s | Compression: 10.4x
2025-10-05 12:24:54 - INFO - BACKUP_START | Database: testdb | Type: postgres | Host: localhost
2025-10-05 12:24:54 - INFO - CONNECTION_TEST | Database: testdb | Host: localhost | Status: SUCCESS
2025-10-05 12:24:55 - INFO - BACKUP_SUCCESS | Database: testdb | File: backups/testdb_postgres_backup_20251005_122454.dump | Size: 6.91MB | Duration: 0.53s | Compression: 10.4x
2025-10-05 12:25:07 - INFO - BACKUP_START | Database: testdb | Type: postgres | Host: localhost
2025-10-05 12:25:07 - INFO - CONNECTION_TEST | Database: testdb | Host: localhost | Status: SUCCESS
2025-10-05 12:25:07 - INFO - BACKUP_SUCCESS | Database: testdb | File: backups/testdb_postgres_backup_20251005_122507.dump | Size: 6.91MB | Duration: 0.52s | Compression: 10.4x
2025-10-05 12:30:27 - INFO - BACKUP_START | Database: testdb | Type: postgres | Host: localhost
2025-10-05 12:30:27 - INFO - CONNECTION_TEST | Database: testdb | Host: localhost | Status: SUCCESS
2025-10-05 12:30:28 - INFO - BACKUP_SUCCESS | Database: testdb | File: backups/testdb_postgres_backup_20251005_123027.dump | Size: 6.91MB | Duration: 0.53s | Compression: 10.4x
2025-10-05 12:45:30 - INFO - BACKUP_START | Database: testdb | Type: postgres | Host: localhost
2025-10-05 12:45:30 - INFO - CONNECTION_TEST | Database: testdb | Host: localhost | Status: SUCCESS
2025-10-05 12:45:31 - INFO - BACKUP_SUCCESS | Database: testdb | File: backups/testdb_postgres_backup_20251005_124530.dump | Size: 6.90MB | Duration: 0.53s | Compression: 8.6x
2025-10-05 13:12:28 - INFO - BACKUP_START | Database: testdb | Type: mysql | Host: localhost
2025-10-05 13:12:28 - INFO - CONNECTION_TEST | Database: testdb | Host: localhost | Status: SUCCESS
2025-10-05 13:12:28 - ERROR - BACKUP_FAILED | Database: testdb | Error: mysqldump failed: mysqldump: [Warning] Using a password on the command line interface can be insecure.
mysqldump: Got error: 2002: Can't connect to local MySQL server through socket '/tmp/mysql.sock' (2) when trying to connect

2025-10-05 13:15:09 - INFO - BACKUP_START | Database: testdb | Type: mysql | Host: localhost
2025-10-05 13:15:09 - INFO - CONNECTION_TEST | Database: testdb | Host: localhost | Status: SUCCESS
2025-10-05 13:15:09 - INFO - BACKUP_SUCCESS | Database: testdb | File: backups/testdb_mysql_backup_20251005_131509.dump | Size: 0.02MB | Duration: 0.05s | Compression: 2.6x
2025-10-05 13:20:46 - INFO - RESTORE_START | Database: testdb | From: backups/testdb_mysql_backup_20251005_131509.dump
2025-10-05 13:23:43 - INFO - RESTORE_START | Database: testdb | From: backups/testdb_mysql_backup_20251005_131509.dump
2025-10-05 13:23:55 - ERROR - RESTORE_FAILED | Database: testdb | From: backups/testdb_mysql_backup_20251005_131509.dump | Error: Connection failed
2025-10-05 13:24:17 - INFO - RESTORE_START | Database: testdb | From: backups/testdb_mysql_backup_20251005_131509.dump
2025-10-05 13:24:29 - ERROR - RESTORE_FAILED | Database: testdb | From: backups/testdb_mysql_backup_20251005_131509.dump | Error: Connection failed
2025-10-05 13:27:00 - INFO - RESTORE_START | Database: testdb | From: backups/testdb_mysql_backup_20251005_131509.dump
2025-10-05 13:27:12 - ERROR - RESTORE_FAILED | Database: testdb | From: backups/testdb_mysql_backup_20251005_131509.dump | Error: Connection failed
2025-10-05 13:28:21 - INFO - RESTORE_START | Database: testdb | From: backups/testdb_mysql_backup_20251005_131509.dump
2025-10-05 13:28:53 - ERROR - RESTORE_FAILED | Database: testdb | From: backups/testdb_mysql_backup_20251005_131509.dump | Error: Connection failed
2025-10-05 13:34:40 - INFO - BACKUP_START | Database: testdb | Type: mysql | Host: 127.0.0.1
2025-10-05 13:34:40 - INFO - CONNECTION_TEST | Database: testdb | Host: 127.0.0.1 | Status: SUCCESS
2025-10-05 13:34:40 - INFO - BACKUP_SUCCESS | Database: testdb | File: backups/testdb_mysql_backup_20251005_133440.dump | Size: 0.00MB | Duration: 0.04s
2025-10-05 13:35:23 - INFO - RESTORE_START | Database: testdb | From: backups/testdb_mysql_backup_20251005_133440.dump
2025-10-05 13:37:06 - INFO - BACKUP_START | Database: testdb | Type: mysql | Host: 127.0.0.1
2025-10-05 13:37:06 - INFO - CONNECTION_TEST | Database: testdb | Host: 127.0.0.1 | Status: SUCCESS
2025-10-05 13:37:06 - INFO - BACKUP_SUCCESS | Database: testdb | File: backups/testdb_mysql_backup_20251005_133706.dump | Size: 0.09MB | Duration: 0.06s | Compression: 1.8x
2025-10-05 13:37:28 - INFO - RESTORE_START | Database: testdb | From: backups/testdb_mysql_backup_20251005_133706.dump
2025-10-05 13:37:31 - INFO - RESTORE_SUCCESS | Database: testdb | From: backups/testdb_mysql_backup_20251005_133706.dump
